<?xml version="1.0" encoding="UTF-8"?>
<!-- Generated by org.testng.reporters.JUnitXMLReporter -->
<testsuite ignored="0" hostname="DESKTOP-TFUBFDT" failures="1" tests="1" name="Surefire test" time="0.127" errors="0" timestamp="2024-02-07T09:32:59 CST">
  <testcase classname="SeleniumHomeWork.Assignment3Test" name="Launchtc" time="0.0">
    <failure type="org.testng.TestNGException" message="
Parameter &amp;apos;browser&amp;apos; is required by @Test on method Launchtc but has not been marked @Optional or defined
">
      <![CDATA[org.testng.TestNGException: 
Parameter 'browser' is required by @Test on method Launchtc but has not been marked @Optional or defined

at java.base/java.util.ArrayList.forEach(ArrayList.java:1511)
... Removed 31 stack frames]]>
    </failure>
  </testcase> <!-- Launchtc -->
</testsuite> <!-- Surefire test -->
